<?xml version="1.0" encoding="UTF-8"?>
<testsuite name="Launch app" tests="2" skipped="0" failures="0" errors="0" timestamp="2020-07-27T14:51:26" hostname="MacBook-Pro-TRFTW.local" time="0.013">
  <properties/>
  <testcase name="user is in homepage" classname="Launch app" time="0.003"/>
  <testcase name="classMethod" classname="Launch app" time="0.143"/>
  <system-out><![CDATA[
@try
Scenario: Launch app       ?[90m# features/home.feature:6?[0m
]]></system-out>
  <system-err><![CDATA[]]></system-err>
</testsuite>
