<?xml version="1.0" encoding="UTF-8"?>
<testsuite name="myapps.CucumberTestRunner" tests="0" skipped="0" failures="0" errors="0" timestamp="1970-01-01T00:00:00" hostname="MacBook-Pro-TRFTW.local" time="0.0">
  <properties/>
  <system-out><![CDATA[    ?[33mWhen ?[0m?[33muser is in homepage?[0m     ?[90m# null?[0m
    ?[33mAnd ?[0m?[33muser type "mutiarahanaa"?[0m ?[90m# null?[0m
]]></system-out>
  <system-err><![CDATA[]]></system-err>
</testsuite>
