<?xml version="1.0" encoding="UTF-8"?>
<testsuite name="CucumberRunner" tests="0" skipped="0" failures="0" errors="0" timestamp="1970-01-01T00:00:00" hostname="MacBook-Pro-TRFTW.local" time="0.0">
  <properties/>
  <system-out><![CDATA[  ?[32mThen ?[0m?[32muser is in homepage?[0m ?[90m# myapps.StepDefinition.HomepageStep.<init>(HomepageStep.java:8)?[0m
]]></system-out>
  <system-err><![CDATA[]]></system-err>
</testsuite>
